<?xml version="1.0" encoding="UTF-8"?>
<coverage generated="1740323499028" clover="3.2.0">
  <project timestamp="1740323499028" name="All files">
    <metrics statements="106" coveredstatements="89" conditionals="44" coveredconditionals="33" methods="44" coveredmethods="26" elements="194" coveredelements="148" complexity="0" loc="106" ncloc="106" packages="5" files="7" classes="7"/>
    <package name="components.Dashboard">
      <metrics statements="5" coveredstatements="4" conditionals="4" coveredconditionals="2" methods="2" coveredmethods="1"/>
      <file name="MetricCard.tsx" path="/Users/mansviniaggarwal/Desktop/projects-SWE/streamify-dashboard/src/components/Dashboard/MetricCard.tsx">
        <metrics statements="5" coveredstatements="4" conditionals="4" coveredconditionals="2" methods="2" coveredmethods="1"/>
        <line num="1" count="1" type="stmt"/>
        <line num="2" count="1" type="stmt"/>
        <line num="10" count="1" type="stmt"/>
        <line num="11" count="3" type="stmt"/>
        <line num="24" count="0" type="cond" truecount="0" falsecount="2"/>
      </file>
    </package>
    <package name="components.Dashboard.StreamsTable">
      <metrics statements="78" coveredstatements="62" conditionals="37" coveredconditionals="28" methods="37" coveredmethods="20"/>
      <file name="FilterPanel.tsx" path="/Users/mansviniaggarwal/Desktop/projects-SWE/streamify-dashboard/src/components/Dashboard/StreamsTable/FilterPanel.tsx">
        <metrics statements="15" coveredstatements="3" conditionals="6" coveredconditionals="0" methods="12" coveredmethods="0"/>
        <line num="2" count="1" type="stmt"/>
        <line num="11" count="1" type="stmt"/>
        <line num="12" count="0" type="stmt"/>
        <line num="21" count="0" type="stmt"/>
        <line num="26" count="0" type="stmt"/>
        <line num="34" count="0" type="stmt"/>
        <line num="38" count="0" type="stmt"/>
        <line num="42" count="0" type="stmt"/>
        <line num="50" count="0" type="stmt"/>
        <line num="54" count="0" type="stmt"/>
        <line num="60" count="1" type="stmt"/>
        <line num="65" count="0" type="stmt"/>
        <line num="71" count="0" type="stmt"/>
        <line num="73" count="0" type="stmt"/>
        <line num="75" count="0" type="stmt"/>
      </file>
      <file name="TableHeader.tsx" path="/Users/mansviniaggarwal/Desktop/projects-SWE/streamify-dashboard/src/components/Dashboard/StreamsTable/TableHeader.tsx">
        <metrics statements="9" coveredstatements="9" conditionals="9" coveredconditionals="9" methods="4" coveredmethods="4"/>
        <line num="2" count="1" type="stmt"/>
        <line num="10" count="1" type="stmt"/>
        <line num="11" count="16" type="stmt"/>
        <line num="12" count="64" type="cond" truecount="1" falsecount="0"/>
        <line num="13" count="2" type="cond" truecount="2" falsecount="0"/>
        <line num="18" count="16" type="stmt"/>
        <line num="26" count="16" type="stmt"/>
        <line num="30" count="80" type="stmt"/>
        <line num="33" count="2" type="cond" truecount="2" falsecount="0"/>
      </file>
      <file name="index.tsx" path="/Users/mansviniaggarwal/Desktop/projects-SWE/streamify-dashboard/src/components/Dashboard/StreamsTable/index.tsx">
        <metrics statements="54" coveredstatements="50" conditionals="22" coveredconditionals="19" methods="21" coveredmethods="16"/>
        <line num="1" count="1" type="stmt"/>
        <line num="2" count="1" type="stmt"/>
        <line num="4" count="1" type="stmt"/>
        <line num="5" count="1" type="stmt"/>
        <line num="6" count="1" type="stmt"/>
        <line num="7" count="1" type="stmt"/>
        <line num="8" count="1" type="stmt"/>
        <line num="14" count="1" type="stmt"/>
        <line num="16" count="16" type="stmt"/>
        <line num="17" count="16" type="stmt"/>
        <line num="18" count="16" type="stmt"/>
        <line num="19" count="16" type="stmt"/>
        <line num="23" count="16" type="stmt"/>
        <line num="26" count="16" type="stmt"/>
        <line num="29" count="16" type="stmt"/>
        <line num="30" count="36" type="stmt"/>
        <line num="31" count="30" type="stmt"/>
        <line num="35" count="16" type="stmt"/>
        <line num="36" count="6" type="stmt"/>
        <line num="37" count="6" type="stmt"/>
        <line num="40" count="16" type="stmt"/>
        <line num="41" count="2" type="stmt"/>
        <line num="47" count="16" type="stmt"/>
        <line num="48" count="0" type="stmt"/>
        <line num="52" count="16" type="stmt"/>
        <line num="53" count="9" type="stmt"/>
        <line num="55" count="9" type="cond" truecount="1" falsecount="0"/>
        <line num="56" count="1" type="stmt"/>
        <line num="57" count="1" type="stmt"/>
        <line num="58" count="6" type="cond" truecount="3" falsecount="0"/>
        <line num="64" count="9" type="cond" truecount="0" falsecount="1"/>
        <line num="65" count="0" type="stmt"/>
        <line num="66" count="0" type="stmt"/>
        <line num="70" count="9" type="stmt"/>
        <line num="74" count="16" type="stmt"/>
        <line num="75" count="9" type="cond" truecount="3" falsecount="0"/>
        <line num="77" count="2" type="stmt"/>
        <line num="78" count="21" type="cond" truecount="1" falsecount="0"/>
        <line num="79" count="14" type="cond" truecount="2" falsecount="0"/>
        <line num="81" count="7" type="cond" truecount="1" falsecount="0"/>
        <line num="82" count="5" type="cond" truecount="2" falsecount="0"/>
        <line num="84" count="2" type="stmt"/>
        <line num="89" count="16" type="stmt"/>
        <line num="90" count="9" type="stmt"/>
        <line num="91" count="9" type="stmt"/>
        <line num="95" count="16" type="stmt"/>
        <line num="96" count="16" type="stmt"/>
        <line num="97" count="10" type="stmt"/>
        <line num="105" count="16" type="stmt"/>
        <line num="106" count="0" type="stmt"/>
        <line num="109" count="16" type="stmt"/>
        <line num="110" count="1" type="stmt"/>
        <line num="113" count="16" type="stmt"/>
        <line num="154" count="73" type="stmt"/>
      </file>
    </package>
    <package name="constants">
      <metrics statements="8" coveredstatements="8" conditionals="0" coveredconditionals="0" methods="0" coveredmethods="0"/>
      <file name="index.tsx" path="/Users/mansviniaggarwal/Desktop/projects-SWE/streamify-dashboard/src/constants/index.tsx">
        <metrics statements="8" coveredstatements="8" conditionals="0" coveredconditionals="0" methods="0" coveredmethods="0"/>
        <line num="1" count="2" type="stmt"/>
        <line num="4" count="2" type="stmt"/>
        <line num="6" count="2" type="stmt"/>
        <line num="14" count="2" type="stmt"/>
        <line num="16" count="2" type="stmt"/>
        <line num="31" count="2" type="stmt"/>
        <line num="37" count="2" type="stmt"/>
        <line num="45" count="2" type="stmt"/>
      </file>
    </package>
    <package name="hooks">
      <metrics statements="9" coveredstatements="9" conditionals="0" coveredconditionals="0" methods="4" coveredmethods="4"/>
      <file name="useDebounce.ts" path="/Users/mansviniaggarwal/Desktop/projects-SWE/streamify-dashboard/src/hooks/useDebounce.ts">
        <metrics statements="9" coveredstatements="9" conditionals="0" coveredconditionals="0" methods="4" coveredmethods="4"/>
        <line num="1" count="2" type="stmt"/>
        <line num="3" count="2" type="stmt"/>
        <line num="4" count="24" type="stmt"/>
        <line num="6" count="24" type="stmt"/>
        <line num="7" count="18" type="stmt"/>
        <line num="8" count="3" type="stmt"/>
        <line num="11" count="18" type="stmt"/>
        <line num="12" count="18" type="stmt"/>
        <line num="16" count="24" type="stmt"/>
      </file>
    </package>
    <package name="utils">
      <metrics statements="6" coveredstatements="6" conditionals="3" coveredconditionals="3" methods="1" coveredmethods="1"/>
      <file name="formatters.ts" path="/Users/mansviniaggarwal/Desktop/projects-SWE/streamify-dashboard/src/utils/formatters.ts">
        <metrics statements="6" coveredstatements="6" conditionals="3" coveredconditionals="3" methods="1" coveredmethods="1"/>
        <line num="1" count="2" type="stmt"/>
        <line num="2" count="81" type="cond" truecount="2" falsecount="0"/>
        <line num="3" count="18" type="stmt"/>
        <line num="4" count="63" type="cond" truecount="1" falsecount="0"/>
        <line num="5" count="61" type="stmt"/>
        <line num="7" count="2" type="stmt"/>
      </file>
    </package>
  </project>
</coverage>
