{"/Users/mansviniaggarwal/Desktop/projects-SWE/streamify-dashboard/src/components/Dashboard/MetricCard.tsx": {"path":"/Users/mansviniaggarwal/Desktop/projects-SWE/streamify-dashboard/src/components/Dashboard/MetricCard.tsx","statementMap":{"0":{"start":{"line":1,"column":0},"end":{"line":1,"column":26}},"1":{"start":{"line":2,"column":0},"end":{"line":2,"column":40}},"2":{"start":{"line":10,"column":13},"end":{"line":26,"column":3}},"3":{"start":{"line":11,"column":2},"end":{"line":21,"column":null}},"4":{"start":{"line":24,"column":2},"end":{"line":25,"column":47}}},"fnMap":{"0":{"name":"(anonymous_1)","decl":{"start":{"line":10,"column":64},"end":{"line":10,"column":65}},"loc":{"start":{"line":11,"column":2},"end":{"line":21,"column":null}}},"1":{"name":"(anonymous_2)","decl":{"start":{"line":23,"column":3},"end":{"line":23,"column":4}},"loc":{"start":{"line":23,"column":28},"end":{"line":26,"column":1}}}},"branchMap":{"0":{"loc":{"start":{"line":18,"column":7},"end":{"line":19,"column":null}},"type":"binary-expr","locations":[{"start":{"line":18,"column":7},"end":{"line":18,"column":13}},{"start":{"line":19,"column":8},"end":{"line":19,"column":64}}]},"1":{"loc":{"start":{"line":24,"column":9},"end":{"line":25,"column":46}},"type":"binary-expr","locations":[{"start":{"line":24,"column":9},"end":{"line":24,"column":44}},{"start":{"line":25,"column":9},"end":{"line":25,"column":46}}]}},"s":{"0":1,"1":1,"2":1,"3":3,"4":0},"f":{"0":3,"1":0},"b":{"0":[3,2],"1":[0,0]}}
,"/Users/mansviniaggarwal/Desktop/projects-SWE/streamify-dashboard/src/components/Dashboard/StreamsTable/FilterPanel.tsx": {"path":"/Users/mansviniaggarwal/Desktop/projects-SWE/streamify-dashboard/src/components/Dashboard/StreamsTable/FilterPanel.tsx","statementMap":{"0":{"start":{"line":2,"column":0},"end":{"line":2,"column":64}},"1":{"start":{"line":11,"column":55},"end":{"line":58,"column":2}},"2":{"start":{"line":12,"column":22},"end":{"line":20,"column":4}},"3":{"start":{"line":21,"column":19},"end":{"line":25,"column":4}},"4":{"start":{"line":26,"column":28},"end":{"line":33,"column":4}},"5":{"start":{"line":34,"column":25},"end":{"line":37,"column":4}},"6":{"start":{"line":38,"column":30},"end":{"line":41,"column":4}},"7":{"start":{"line":42,"column":31},"end":{"line":49,"column":4}},"8":{"start":{"line":50,"column":20},"end":{"line":53,"column":4}},"9":{"start":{"line":54,"column":26},"end":{"line":57,"column":4}},"10":{"start":{"line":60,"column":55},"end":{"line":89,"column":null}},"11":{"start":{"line":65,"column":2},"end":{"line":88,"column":null}},"12":{"start":{"line":71,"column":51},"end":{"line":71,"column":83}},"13":{"start":{"line":73,"column":10},"end":{"line":76,"column":13}},"14":{"start":{"line":75,"column":44},"end":{"line":75,"column":56}},"15":{"start":{"line":60,"column":13},"end":{"line":60,"column":55}}},"fnMap":{"0":{"name":"(anonymous_1)","decl":{"start":{"line":12,"column":11},"end":{"line":12,"column":12}},"loc":{"start":{"line":12,"column":22},"end":{"line":20,"column":4}}},"1":{"name":"(anonymous_2)","decl":{"start":{"line":21,"column":8},"end":{"line":21,"column":9}},"loc":{"start":{"line":21,"column":19},"end":{"line":25,"column":4}}},"2":{"name":"(anonymous_3)","decl":{"start":{"line":26,"column":10},"end":{"line":26,"column":11}},"loc":{"start":{"line":26,"column":28},"end":{"line":33,"column":4}}},"3":{"name":"(anonymous_4)","decl":{"start":{"line":34,"column":14},"end":{"line":34,"column":15}},"loc":{"start":{"line":34,"column":25},"end":{"line":37,"column":4}}},"4":{"name":"(anonymous_5)","decl":{"start":{"line":38,"column":19},"end":{"line":38,"column":20}},"loc":{"start":{"line":38,"column":30},"end":{"line":41,"column":4}}},"5":{"name":"(anonymous_6)","decl":{"start":{"line":42,"column":20},"end":{"line":42,"column":21}},"loc":{"start":{"line":42,"column":31},"end":{"line":49,"column":4}}},"6":{"name":"(anonymous_7)","decl":{"start":{"line":50,"column":9},"end":{"line":50,"column":10}},"loc":{"start":{"line":50,"column":20},"end":{"line":53,"column":4}}},"7":{"name":"(anonymous_8)","decl":{"start":{"line":54,"column":15},"end":{"line":54,"column":16}},"loc":{"start":{"line":54,"column":26},"end":{"line":57,"column":4}}},"8":{"name":"(anonymous_9)","decl":{"start":{"line":60,"column":55},"end":{"line":60,"column":56}},"loc":{"start":{"line":65,"column":2},"end":{"line":88,"column":null}}},"9":{"name":"(anonymous_10)","decl":{"start":{"line":71,"column":40},"end":{"line":71,"column":46}},"loc":{"start":{"line":71,"column":51},"end":{"line":71,"column":83}}},"10":{"name":"(anonymous_11)","decl":{"start":{"line":72,"column":18},"end":{"line":72,"column":19}},"loc":{"start":{"line":72,"column":57},"end":{"line":77,"column":9}}},"11":{"name":"(anonymous_12)","decl":{"start":{"line":75,"column":34},"end":{"line":75,"column":40}},"loc":{"start":{"line":75,"column":44},"end":{"line":75,"column":56}}}},"branchMap":{"0":{"loc":{"start":{"line":28,"column":21},"end":{"line":28,"column":64}},"type":"cond-expr","locations":[{"start":{"line":28,"column":39},"end":{"line":28,"column":48}},{"start":{"line":28,"column":51},"end":{"line":28,"column":64}}]},"1":{"loc":{"start":{"line":84,"column":9},"end":{"line":86,"column":107}},"type":"cond-expr","locations":[{"start":{"line":85,"column":12},"end":{"line":85,"column":25}},{"start":{"line":86,"column":12},"end":{"line":86,"column":107}}]},"2":{"loc":{"start":{"line":86,"column":52},"end":{"line":86,"column":96}},"type":"cond-expr","locations":[{"start":{"line":86,"column":88},"end":{"line":86,"column":90}},{"start":{"line":86,"column":93},"end":{"line":86,"column":96}}]}},"s":{"0":1,"1":1,"2":0,"3":0,"4":0,"5":0,"6":0,"7":0,"8":0,"9":0,"10":1,"11":0,"12":0,"13":0,"14":0,"15":1},"f":{"0":0,"1":0,"2":0,"3":0,"4":0,"5":0,"6":0,"7":0,"8":0,"9":0,"10":0,"11":0},"b":{"0":[0,0],"1":[0,0],"2":[0,0]}}
,"/Users/mansviniaggarwal/Desktop/projects-SWE/streamify-dashboard/src/components/Dashboard/StreamsTable/TableHeader.tsx": {"path":"/Users/mansviniaggarwal/Desktop/projects-SWE/streamify-dashboard/src/components/Dashboard/StreamsTable/TableHeader.tsx","statementMap":{"0":{"start":{"line":2,"column":0},"end":{"line":2,"column":70}},"1":{"start":{"line":10,"column":55},"end":{"line":44,"column":1}},"2":{"start":{"line":11,"column":22},"end":{"line":16,"column":3}},"3":{"start":{"line":12,"column":4},"end":{"line":12,"column":94}},"4":{"start":{"line":12,"column":32},"end":{"line":12,"column":94}},"5":{"start":{"line":13,"column":4},"end":{"line":15,"column":55}},"6":{"start":{"line":18,"column":58},"end":{"line":24,"column":4}},"7":{"start":{"line":26,"column":2},"end":{"line":43,"column":4}},"8":{"start":{"line":30,"column":10},"end":{"line":31,"column":null}},"9":{"start":{"line":33,"column":27},"end":{"line":33,"column":58}},"10":{"start":{"line":10,"column":13},"end":{"line":10,"column":55}}},"fnMap":{"0":{"name":"(anonymous_0)","decl":{"start":{"line":10,"column":55},"end":{"line":10,"column":56}},"loc":{"start":{"line":10,"column":82},"end":{"line":44,"column":1}}},"1":{"name":"(anonymous_1)","decl":{"start":{"line":11,"column":22},"end":{"line":11,"column":23}},"loc":{"start":{"line":11,"column":44},"end":{"line":16,"column":3}}},"2":{"name":"(anonymous_2)","decl":{"start":{"line":29,"column":21},"end":{"line":29,"column":22}},"loc":{"start":{"line":30,"column":10},"end":{"line":31,"column":null}}},"3":{"name":"(anonymous_3)","decl":{"start":{"line":33,"column":21},"end":{"line":33,"column":24}},"loc":{"start":{"line":33,"column":27},"end":{"line":33,"column":58}}}},"branchMap":{"0":{"loc":{"start":{"line":12,"column":4},"end":{"line":12,"column":94}},"type":"if","locations":[{"start":{"line":12,"column":4},"end":{"line":12,"column":94}}]},"1":{"loc":{"start":{"line":13,"column":11},"end":{"line":15,"column":54}},"type":"cond-expr","locations":[{"start":{"line":14,"column":6},"end":{"line":14,"column":52}},{"start":{"line":15,"column":6},"end":{"line":15,"column":54}}]},"2":{"loc":{"start":{"line":32,"column":40},"end":{"line":32,"column":98}},"type":"cond-expr","locations":[{"start":{"line":32,"column":59},"end":{"line":32,"column":93}},{"start":{"line":32,"column":96},"end":{"line":32,"column":98}}]},"3":{"loc":{"start":{"line":33,"column":27},"end":{"line":33,"column":58}},"type":"binary-expr","locations":[{"start":{"line":33,"column":27},"end":{"line":33,"column":43}},{"start":{"line":33,"column":47},"end":{"line":33,"column":58}}]},"4":{"loc":{"start":{"line":37,"column":15},"end":{"line":37,"column":51}},"type":"binary-expr","locations":[{"start":{"line":37,"column":15},"end":{"line":37,"column":31}},{"start":{"line":37,"column":35},"end":{"line":37,"column":51}}]}},"s":{"0":1,"1":1,"2":16,"3":64,"4":62,"5":2,"6":16,"7":16,"8":80,"9":2,"10":1},"f":{"0":16,"1":64,"2":80,"3":2},"b":{"0":[62],"1":[1,1],"2":[64,16],"3":[2,2],"4":[80,64]}}
,"/Users/mansviniaggarwal/Desktop/projects-SWE/streamify-dashboard/src/components/Dashboard/StreamsTable/index.tsx": {"path":"/Users/mansviniaggarwal/Desktop/projects-SWE/streamify-dashboard/src/components/Dashboard/StreamsTable/index.tsx","statementMap":{"0":{"start":{"line":1,"column":0},"end":{"line":1,"column":62}},"1":{"start":{"line":2,"column":0},"end":{"line":2,"column":46}},"2":{"start":{"line":4,"column":0},"end":{"line":4,"column":52}},"3":{"start":{"line":5,"column":0},"end":{"line":5,"column":58}},"4":{"start":{"line":6,"column":0},"end":{"line":6,"column":44}},"5":{"start":{"line":7,"column":0},"end":{"line":7,"column":44}},"6":{"start":{"line":8,"column":0},"end":{"line":8,"column":57}},"7":{"start":{"line":14,"column":57},"end":{"line":192,"column":1}},"8":{"start":{"line":16,"column":38},"end":{"line":16,"column":50}},"9":{"start":{"line":17,"column":26},"end":{"line":17,"column":54}},"10":{"start":{"line":18,"column":40},"end":{"line":18,"column":51}},"11":{"start":{"line":19,"column":38},"end":{"line":22,"column":4}},"12":{"start":{"line":23,"column":42},"end":{"line":25,"column":4}},"13":{"start":{"line":26,"column":40},"end":{"line":26,"column":55}},"14":{"start":{"line":29,"column":40},"end":{"line":32,"column":11}},"15":{"start":{"line":30,"column":4},"end":{"line":31,"column":56}},"16":{"start":{"line":30,"column":35},"end":{"line":30,"column":48}},"17":{"start":{"line":31,"column":22},"end":{"line":31,"column":54}},"18":{"start":{"line":35,"column":29},"end":{"line":38,"column":8}},"19":{"start":{"line":36,"column":4},"end":{"line":36,"column":34}},"20":{"start":{"line":37,"column":4},"end":{"line":37,"column":22}},"21":{"start":{"line":40,"column":21},"end":{"line":45,"column":8}},"22":{"start":{"line":41,"column":4},"end":{"line":44,"column":8}},"23":{"start":{"line":41,"column":30},"end":{"line":44,"column":6}},"24":{"start":{"line":47,"column":24},"end":{"line":49,"column":8}},"25":{"start":{"line":48,"column":4},"end":{"line":48,"column":34}},"26":{"start":{"line":48,"column":27},"end":{"line":48,"column":32}},"27":{"start":{"line":52,"column":21},"end":{"line":71,"column":8}},"28":{"start":{"line":53,"column":19},"end":{"line":53,"column":28}},"29":{"start":{"line":55,"column":4},"end":{"line":62,"column":5}},"30":{"start":{"line":56,"column":26},"end":{"line":56,"column":46}},"31":{"start":{"line":57,"column":6},"end":{"line":61,"column":8}},"32":{"start":{"line":58,"column":8},"end":{"line":60,"column":57}},"33":{"start":{"line":64,"column":4},"end":{"line":68,"column":5}},"34":{"start":{"line":65,"column":6},"end":{"line":67,"column":8}},"35":{"start":{"line":66,"column":8},"end":{"line":66,"column":47}},"36":{"start":{"line":70,"column":4},"end":{"line":70,"column":20}},"37":{"start":{"line":74,"column":19},"end":{"line":86,"column":8}},"38":{"start":{"line":75,"column":4},"end":{"line":75,"column":54}},"39":{"start":{"line":75,"column":42},"end":{"line":75,"column":54}},"40":{"start":{"line":77,"column":4},"end":{"line":85,"column":7}},"41":{"start":{"line":78,"column":6},"end":{"line":80,"column":7}},"42":{"start":{"line":79,"column":8},"end":{"line":79,"column":51}},"43":{"start":{"line":81,"column":6},"end":{"line":83,"column":7}},"44":{"start":{"line":82,"column":8},"end":{"line":82,"column":51}},"45":{"start":{"line":84,"column":6},"end":{"line":84,"column":15}},"46":{"start":{"line":89,"column":32},"end":{"line":92,"column":77}},"47":{"start":{"line":90,"column":25},"end":{"line":90,"column":72}},"48":{"start":{"line":91,"column":4},"end":{"line":91,"column":46}},"49":{"start":{"line":95,"column":21},"end":{"line":95,"column":77}},"50":{"start":{"line":96,"column":24},"end":{"line":101,"column":null}},"51":{"start":{"line":97,"column":4},"end":{"line":99,"column":null}},"52":{"start":{"line":105,"column":25},"end":{"line":107,"column":8}},"53":{"start":{"line":106,"column":4},"end":{"line":106,"column":50}},"54":{"start":{"line":106,"column":27},"end":{"line":106,"column":48}},"55":{"start":{"line":109,"column":25},"end":{"line":111,"column":18}},"56":{"start":{"line":110,"column":4},"end":{"line":110,"column":59}},"57":{"start":{"line":110,"column":27},"end":{"line":110,"column":57}},"58":{"start":{"line":113,"column":2},"end":{"line":191,"column":4}},"59":{"start":{"line":154,"column":16},"end":{"line":154,"column":36}},"60":{"start":{"line":14,"column":13},"end":{"line":14,"column":57}}},"fnMap":{"0":{"name":"(anonymous_0)","decl":{"start":{"line":14,"column":57},"end":{"line":14,"column":58}},"loc":{"start":{"line":14,"column":70},"end":{"line":192,"column":1}}},"1":{"name":"(anonymous_1)","decl":{"start":{"line":29,"column":48},"end":{"line":29,"column":51}},"loc":{"start":{"line":30,"column":4},"end":{"line":31,"column":56}}},"2":{"name":"(anonymous_2)","decl":{"start":{"line":30,"column":25},"end":{"line":30,"column":31}},"loc":{"start":{"line":30,"column":35},"end":{"line":30,"column":48}}},"3":{"name":"(anonymous_3)","decl":{"start":{"line":31,"column":11},"end":{"line":31,"column":17}},"loc":{"start":{"line":31,"column":22},"end":{"line":31,"column":54}}},"4":{"name":"(anonymous_4)","decl":{"start":{"line":35,"column":41},"end":{"line":35,"column":42}},"loc":{"start":{"line":35,"column":84},"end":{"line":38,"column":3}}},"5":{"name":"(anonymous_5)","decl":{"start":{"line":40,"column":33},"end":{"line":40,"column":34}},"loc":{"start":{"line":40,"column":55},"end":{"line":45,"column":3}}},"6":{"name":"(anonymous_6)","decl":{"start":{"line":41,"column":18},"end":{"line":41,"column":25}},"loc":{"start":{"line":41,"column":30},"end":{"line":44,"column":6}}},"7":{"name":"(anonymous_7)","decl":{"start":{"line":47,"column":36},"end":{"line":47,"column":39}},"loc":{"start":{"line":47,"column":41},"end":{"line":49,"column":3}}},"8":{"name":"(anonymous_8)","decl":{"start":{"line":48,"column":19},"end":{"line":48,"column":23}},"loc":{"start":{"line":48,"column":27},"end":{"line":48,"column":32}}},"9":{"name":"(anonymous_9)","decl":{"start":{"line":52,"column":33},"end":{"line":52,"column":34}},"loc":{"start":{"line":52,"column":91},"end":{"line":71,"column":3}}},"10":{"name":"(anonymous_10)","decl":{"start":{"line":57,"column":33},"end":{"line":57,"column":39}},"loc":{"start":{"line":58,"column":8},"end":{"line":60,"column":57}}},"11":{"name":"(anonymous_11)","decl":{"start":{"line":65,"column":33},"end":{"line":65,"column":39}},"loc":{"start":{"line":66,"column":8},"end":{"line":66,"column":47}}},"12":{"name":"(anonymous_12)","decl":{"start":{"line":74,"column":31},"end":{"line":74,"column":32}},"loc":{"start":{"line":74,"column":70},"end":{"line":86,"column":3}}},"13":{"name":"(anonymous_13)","decl":{"start":{"line":77,"column":26},"end":{"line":77,"column":27}},"loc":{"start":{"line":77,"column":35},"end":{"line":85,"column":5}}},"14":{"name":"(anonymous_14)","decl":{"start":{"line":89,"column":40},"end":{"line":89,"column":43}},"loc":{"start":{"line":89,"column":45},"end":{"line":92,"column":3}}},"15":{"name":"(anonymous_15)","decl":{"start":{"line":96,"column":32},"end":{"line":96,"column":35}},"loc":{"start":{"line":97,"column":4},"end":{"line":99,"column":null}}},"16":{"name":"(anonymous_16)","decl":{"start":{"line":105,"column":37},"end":{"line":105,"column":40}},"loc":{"start":{"line":105,"column":42},"end":{"line":107,"column":3}}},"17":{"name":"(anonymous_17)","decl":{"start":{"line":106,"column":19},"end":{"line":106,"column":23}},"loc":{"start":{"line":106,"column":27},"end":{"line":106,"column":48}}},"18":{"name":"(anonymous_18)","decl":{"start":{"line":109,"column":37},"end":{"line":109,"column":40}},"loc":{"start":{"line":109,"column":42},"end":{"line":111,"column":3}}},"19":{"name":"(anonymous_19)","decl":{"start":{"line":110,"column":19},"end":{"line":110,"column":23}},"loc":{"start":{"line":110,"column":27},"end":{"line":110,"column":57}}},"20":{"name":"(anonymous_20)","decl":{"start":{"line":153,"column":33},"end":{"line":153,"column":34}},"loc":{"start":{"line":154,"column":16},"end":{"line":154,"column":36}}}},"branchMap":{"0":{"loc":{"start":{"line":43,"column":17},"end":{"line":43,"column":84}},"type":"cond-expr","locations":[{"start":{"line":43,"column":70},"end":{"line":43,"column":76}},{"start":{"line":43,"column":79},"end":{"line":43,"column":84}}]},"1":{"loc":{"start":{"line":43,"column":17},"end":{"line":43,"column":67}},"type":"binary-expr","locations":[{"start":{"line":43,"column":17},"end":{"line":43,"column":36}},{"start":{"line":43,"column":40},"end":{"line":43,"column":67}}]},"2":{"loc":{"start":{"line":55,"column":4},"end":{"line":62,"column":5}},"type":"if","locations":[{"start":{"line":55,"column":4},"end":{"line":62,"column":5}}]},"3":{"loc":{"start":{"line":58,"column":8},"end":{"line":60,"column":57}},"type":"binary-expr","locations":[{"start":{"line":58,"column":8},"end":{"line":58,"column":55}},{"start":{"line":59,"column":8},"end":{"line":59,"column":57}},{"start":{"line":60,"column":8},"end":{"line":60,"column":57}}]},"4":{"loc":{"start":{"line":64,"column":4},"end":{"line":68,"column":5}},"type":"if","locations":[{"start":{"line":64,"column":4},"end":{"line":68,"column":5}}]},"5":{"loc":{"start":{"line":75,"column":4},"end":{"line":75,"column":54}},"type":"if","locations":[{"start":{"line":75,"column":4},"end":{"line":75,"column":54}}]},"6":{"loc":{"start":{"line":75,"column":8},"end":{"line":75,"column":40}},"type":"binary-expr","locations":[{"start":{"line":75,"column":8},"end":{"line":75,"column":19}},{"start":{"line":75,"column":23},"end":{"line":75,"column":40}}]},"7":{"loc":{"start":{"line":78,"column":6},"end":{"line":80,"column":7}},"type":"if","locations":[{"start":{"line":78,"column":6},"end":{"line":80,"column":7}}]},"8":{"loc":{"start":{"line":79,"column":15},"end":{"line":79,"column":50}},"type":"cond-expr","locations":[{"start":{"line":79,"column":44},"end":{"line":79,"column":46}},{"start":{"line":79,"column":49},"end":{"line":79,"column":50}}]},"9":{"loc":{"start":{"line":81,"column":6},"end":{"line":83,"column":7}},"type":"if","locations":[{"start":{"line":81,"column":6},"end":{"line":83,"column":7}}]},"10":{"loc":{"start":{"line":82,"column":15},"end":{"line":82,"column":50}},"type":"cond-expr","locations":[{"start":{"line":82,"column":44},"end":{"line":82,"column":45}},{"start":{"line":82,"column":48},"end":{"line":82,"column":50}}]},"11":{"loc":{"start":{"line":130,"column":55},"end":{"line":130,"column":87}},"type":"cond-expr","locations":[{"start":{"line":130,"column":69},"end":{"line":130,"column":82}},{"start":{"line":130,"column":85},"end":{"line":130,"column":87}}]},"12":{"loc":{"start":{"line":138,"column":9},"end":{"line":143,"column":null}},"type":"binary-expr","locations":[{"start":{"line":138,"column":9},"end":{"line":138,"column":20}},{"start":{"line":139,"column":10},"end":{"line":142,"column":null}}]}},"s":{"0":1,"1":1,"2":1,"3":1,"4":1,"5":1,"6":1,"7":1,"8":16,"9":16,"10":16,"11":16,"12":16,"13":16,"14":16,"15":6,"16":36,"17":30,"18":16,"19":6,"20":6,"21":16,"22":2,"23":2,"24":16,"25":0,"26":0,"27":16,"28":9,"29":9,"30":1,"31":1,"32":6,"33":9,"34":0,"35":0,"36":9,"37":16,"38":9,"39":7,"40":2,"41":21,"42":14,"43":7,"44":5,"45":2,"46":16,"47":9,"48":9,"49":16,"50":16,"51":10,"52":16,"53":0,"54":0,"55":16,"56":1,"57":1,"58":16,"59":73,"60":1},"f":{"0":16,"1":6,"2":36,"3":30,"4":6,"5":2,"6":2,"7":0,"8":0,"9":9,"10":6,"11":0,"12":9,"13":21,"14":9,"15":10,"16":0,"17":0,"18":1,"19":1,"20":73},"b":{"0":[1,1],"1":[2,1],"2":[1],"3":[6,6,4],"4":[0],"5":[7],"6":[9,2],"7":[14],"8":[8,6],"9":[5],"10":[2,3],"11":[0,16],"12":[16,0]}}
,"/Users/mansviniaggarwal/Desktop/projects-SWE/streamify-dashboard/src/constants/index.tsx": {"path":"/Users/mansviniaggarwal/Desktop/projects-SWE/streamify-dashboard/src/constants/index.tsx","statementMap":{"0":{"start":{"line":1,"column":0},"end":{"line":1,"column":38}},"1":{"start":{"line":4,"column":13},"end":{"line":4,"column":66}},"2":{"start":{"line":6,"column":13},"end":{"line":12,"column":11}},"3":{"start":{"line":14,"column":13},"end":{"line":14,"column":32}},"4":{"start":{"line":16,"column":13},"end":{"line":29,"column":2}},"5":{"start":{"line":31,"column":13},"end":{"line":35,"column":2}},"6":{"start":{"line":37,"column":13},"end":{"line":43,"column":2}},"7":{"start":{"line":45,"column":13},"end":{"line":56,"column":2}}},"fnMap":{},"branchMap":{},"s":{"0":2,"1":2,"2":2,"3":2,"4":2,"5":2,"6":2,"7":2},"f":{},"b":{}}
,"/Users/mansviniaggarwal/Desktop/projects-SWE/streamify-dashboard/src/hooks/useDebounce.ts": {"path":"/Users/mansviniaggarwal/Desktop/projects-SWE/streamify-dashboard/src/hooks/useDebounce.ts","statementMap":{"0":{"start":{"line":3,"column":0},"end":{"line":3,"column":16}},"1":{"start":{"line":1,"column":0},"end":{"line":1,"column":44}},"2":{"start":{"line":4,"column":46},"end":{"line":4,"column":64}},"3":{"start":{"line":6,"column":2},"end":{"line":14,"column":21}},"4":{"start":{"line":7,"column":20},"end":{"line":9,"column":13}},"5":{"start":{"line":8,"column":6},"end":{"line":8,"column":31}},"6":{"start":{"line":11,"column":4},"end":{"line":13,"column":6}},"7":{"start":{"line":12,"column":6},"end":{"line":12,"column":28}},"8":{"start":{"line":16,"column":2},"end":{"line":16,"column":24}}},"fnMap":{"0":{"name":"useDebounce","decl":{"start":{"line":3,"column":16},"end":{"line":3,"column":27}},"loc":{"start":{"line":3,"column":54},"end":{"line":17,"column":1}}},"1":{"name":"(anonymous_1)","decl":{"start":{"line":6,"column":12},"end":{"line":6,"column":15}},"loc":{"start":{"line":6,"column":17},"end":{"line":14,"column":3}}},"2":{"name":"(anonymous_2)","decl":{"start":{"line":7,"column":31},"end":{"line":7,"column":34}},"loc":{"start":{"line":7,"column":36},"end":{"line":9,"column":5}}},"3":{"name":"(anonymous_3)","decl":{"start":{"line":11,"column":11},"end":{"line":11,"column":14}},"loc":{"start":{"line":11,"column":16},"end":{"line":13,"column":5}}}},"branchMap":{},"s":{"0":2,"1":2,"2":24,"3":24,"4":18,"5":3,"6":18,"7":18,"8":24},"f":{"0":24,"1":18,"2":3,"3":18},"b":{}}
,"/Users/mansviniaggarwal/Desktop/projects-SWE/streamify-dashboard/src/utils/formatters.ts": {"path":"/Users/mansviniaggarwal/Desktop/projects-SWE/streamify-dashboard/src/utils/formatters.ts","statementMap":{"0":{"start":{"line":1,"column":29},"end":{"line":8,"column":1}},"1":{"start":{"line":2,"column":2},"end":{"line":6,"column":3}},"2":{"start":{"line":3,"column":4},"end":{"line":3,"column":44}},"3":{"start":{"line":4,"column":9},"end":{"line":6,"column":3}},"4":{"start":{"line":5,"column":4},"end":{"line":5,"column":41}},"5":{"start":{"line":7,"column":2},"end":{"line":7,"column":24}},"6":{"start":{"line":1,"column":13},"end":{"line":1,"column":29}}},"fnMap":{"0":{"name":"(anonymous_0)","decl":{"start":{"line":1,"column":29},"end":{"line":1,"column":30}},"loc":{"start":{"line":1,"column":53},"end":{"line":8,"column":1}}}},"branchMap":{"0":{"loc":{"start":{"line":2,"column":2},"end":{"line":6,"column":3}},"type":"if","locations":[{"start":{"line":2,"column":2},"end":{"line":6,"column":3}},{"start":{"line":4,"column":9},"end":{"line":6,"column":3}}]},"1":{"loc":{"start":{"line":4,"column":9},"end":{"line":6,"column":3}},"type":"if","locations":[{"start":{"line":4,"column":9},"end":{"line":6,"column":3}}]}},"s":{"0":2,"1":81,"2":18,"3":63,"4":61,"5":2,"6":2},"f":{"0":81},"b":{"0":[18,63],"1":[61]}}
}
