TN:
SF:src/components/Dashboard/MetricCard.tsx
FN:10,(anonymous_1)
FN:23,(anonymous_2)
FNF:2
FNH:1
FNDA:3,(anonymous_1)
FNDA:0,(anonymous_2)
DA:1,1
DA:2,1
DA:10,1
DA:11,3
DA:24,0
LF:5
LH:4
BRDA:18,0,0,3
BRDA:18,0,1,2
BRDA:24,1,0,0
BRDA:24,1,1,0
BRF:4
BRH:2
end_of_record
TN:
SF:src/components/Dashboard/StreamsTable/FilterPanel.tsx
FN:12,(anonymous_1)
FN:21,(anonymous_2)
FN:26,(anonymous_3)
FN:34,(anonymous_4)
FN:38,(anonymous_5)
FN:42,(anonymous_6)
FN:50,(anonymous_7)
FN:54,(anonymous_8)
FN:60,(anonymous_9)
FN:71,(anonymous_10)
FN:72,(anonymous_11)
FN:75,(anonymous_12)
FNF:12
FNH:0
FNDA:0,(anonymous_1)
FNDA:0,(anonymous_2)
FNDA:0,(anonymous_3)
FNDA:0,(anonymous_4)
FNDA:0,(anonymous_5)
FNDA:0,(anonymous_6)
FNDA:0,(anonymous_7)
FNDA:0,(anonymous_8)
FNDA:0,(anonymous_9)
FNDA:0,(anonymous_10)
FNDA:0,(anonymous_11)
FNDA:0,(anonymous_12)
DA:2,1
DA:11,1
DA:12,0
DA:21,0
DA:26,0
DA:34,0
DA:38,0
DA:42,0
DA:50,0
DA:54,0
DA:60,1
DA:65,0
DA:71,0
DA:73,0
DA:75,0
LF:15
LH:3
BRDA:28,0,0,0
BRDA:28,0,1,0
BRDA:84,1,0,0
BRDA:84,1,1,0
BRDA:86,2,0,0
BRDA:86,2,1,0
BRF:6
BRH:0
end_of_record
TN:
SF:src/components/Dashboard/StreamsTable/TableHeader.tsx
FN:10,(anonymous_0)
FN:11,(anonymous_1)
FN:29,(anonymous_2)
FN:33,(anonymous_3)
FNF:4
FNH:4
FNDA:16,(anonymous_0)
FNDA:64,(anonymous_1)
FNDA:80,(anonymous_2)
FNDA:2,(anonymous_3)
DA:2,1
DA:10,1
DA:11,16
DA:12,64
DA:13,2
DA:18,16
DA:26,16
DA:30,80
DA:33,2
LF:9
LH:9
BRDA:12,0,0,62
BRDA:13,1,0,1
BRDA:13,1,1,1
BRDA:32,2,0,64
BRDA:32,2,1,16
BRDA:33,3,0,2
BRDA:33,3,1,2
BRDA:37,4,0,80
BRDA:37,4,1,64
BRF:9
BRH:9
end_of_record
TN:
SF:src/components/Dashboard/StreamsTable/index.tsx
FN:14,(anonymous_0)
FN:29,(anonymous_1)
FN:30,(anonymous_2)
FN:31,(anonymous_3)
FN:35,(anonymous_4)
FN:40,(anonymous_5)
FN:41,(anonymous_6)
FN:47,(anonymous_7)
FN:48,(anonymous_8)
FN:52,(anonymous_9)
FN:57,(anonymous_10)
FN:65,(anonymous_11)
FN:74,(anonymous_12)
FN:77,(anonymous_13)
FN:89,(anonymous_14)
FN:96,(anonymous_15)
FN:105,(anonymous_16)
FN:106,(anonymous_17)
FN:109,(anonymous_18)
FN:110,(anonymous_19)
FN:153,(anonymous_20)
FNF:21
FNH:16
FNDA:16,(anonymous_0)
FNDA:6,(anonymous_1)
FNDA:36,(anonymous_2)
FNDA:30,(anonymous_3)
FNDA:6,(anonymous_4)
FNDA:2,(anonymous_5)
FNDA:2,(anonymous_6)
FNDA:0,(anonymous_7)
FNDA:0,(anonymous_8)
FNDA:9,(anonymous_9)
FNDA:6,(anonymous_10)
FNDA:0,(anonymous_11)
FNDA:9,(anonymous_12)
FNDA:21,(anonymous_13)
FNDA:9,(anonymous_14)
FNDA:10,(anonymous_15)
FNDA:0,(anonymous_16)
FNDA:0,(anonymous_17)
FNDA:1,(anonymous_18)
FNDA:1,(anonymous_19)
FNDA:73,(anonymous_20)
DA:1,1
DA:2,1
DA:4,1
DA:5,1
DA:6,1
DA:7,1
DA:8,1
DA:14,1
DA:16,16
DA:17,16
DA:18,16
DA:19,16
DA:23,16
DA:26,16
DA:29,16
DA:30,36
DA:31,30
DA:35,16
DA:36,6
DA:37,6
DA:40,16
DA:41,2
DA:47,16
DA:48,0
DA:52,16
DA:53,9
DA:55,9
DA:56,1
DA:57,1
DA:58,6
DA:64,9
DA:65,0
DA:66,0
DA:70,9
DA:74,16
DA:75,9
DA:77,2
DA:78,21
DA:79,14
DA:81,7
DA:82,5
DA:84,2
DA:89,16
DA:90,9
DA:91,9
DA:95,16
DA:96,16
DA:97,10
DA:105,16
DA:106,0
DA:109,16
DA:110,1
DA:113,16
DA:154,73
LF:54
LH:50
BRDA:43,0,0,1
BRDA:43,0,1,1
BRDA:43,1,0,2
BRDA:43,1,1,1
BRDA:55,2,0,1
BRDA:58,3,0,6
BRDA:58,3,1,6
BRDA:58,3,2,4
BRDA:64,4,0,0
BRDA:75,5,0,7
BRDA:75,6,0,9
BRDA:75,6,1,2
BRDA:78,7,0,14
BRDA:79,8,0,8
BRDA:79,8,1,6
BRDA:81,9,0,5
BRDA:82,10,0,2
BRDA:82,10,1,3
BRDA:130,11,0,0
BRDA:130,11,1,16
BRDA:138,12,0,16
BRDA:138,12,1,0
BRF:22
BRH:19
end_of_record
TN:
SF:src/constants/index.tsx
FNF:0
FNH:0
DA:1,2
DA:4,2
DA:6,2
DA:14,2
DA:16,2
DA:31,2
DA:37,2
DA:45,2
LF:8
LH:8
BRF:0
BRH:0
end_of_record
TN:
SF:src/hooks/useDebounce.ts
FN:3,useDebounce
FN:6,(anonymous_1)
FN:7,(anonymous_2)
FN:11,(anonymous_3)
FNF:4
FNH:4
FNDA:24,useDebounce
FNDA:18,(anonymous_1)
FNDA:3,(anonymous_2)
FNDA:18,(anonymous_3)
DA:1,2
DA:3,2
DA:4,24
DA:6,24
DA:7,18
DA:8,3
DA:11,18
DA:12,18
DA:16,24
LF:9
LH:9
BRF:0
BRH:0
end_of_record
TN:
SF:src/utils/formatters.ts
FN:1,(anonymous_0)
FNF:1
FNH:1
FNDA:81,(anonymous_0)
DA:1,2
DA:2,81
DA:3,18
DA:4,63
DA:5,61
DA:7,2
LF:6
LH:6
BRDA:2,0,0,18
BRDA:2,0,1,63
BRDA:4,1,0,61
BRF:3
BRH:3
end_of_record
